==16298== Helgrind, a thread error detector
==16298== Copyright (C) 2007-2017, and GNU GPL'd, by OpenWorks LLP et al.
==16298== Using Valgrind-3.18.1 and LibVEX; rerun with -h for copyright info
==16298== Command: ./philo 3 500 200 200 3
==16298== Parent PID: 15925
==16298== 
==16298== ---Thread-Announcement------------------------------------------
==16298== 
==16298== Thread #4 was created
==16298==    at 0x49A39F3: clone (clone.S:76)
==16298==    by 0x49A48EE: __clone_internal (clone-internal.c:83)
==16298==    by 0x49126D8: create_thread (pthread_create.c:295)
==16298==    by 0x49131FF: pthread_create@@GLIBC_2.34 (pthread_create.c:828)
==16298==    by 0x4853767: ??? (in /usr/libexec/valgrind/vgpreload_helgrind-amd64-linux.so)
==16298==    by 0x10A1DF: ft_even_deploy_loop (deployment_of_philos.c:26)
==16298==    by 0x10A345: deploy_eaters (deployment_of_philos.c:62)
==16298==    by 0x10A405: ft_deploy_philosophers (deployment_of_philos.c:88)
==16298==    by 0x10939C: main (main.c:30)
==16298== 
==16298== ---Thread-Announcement------------------------------------------
==16298== 
==16298== Thread #3 was created
==16298==    at 0x49A39F3: clone (clone.S:76)
==16298==    by 0x49A48EE: __clone_internal (clone-internal.c:83)
==16298==    by 0x49126D8: create_thread (pthread_create.c:295)
==16298==    by 0x49131FF: pthread_create@@GLIBC_2.34 (pthread_create.c:828)
==16298==    by 0x4853767: ??? (in /usr/libexec/valgrind/vgpreload_helgrind-amd64-linux.so)
==16298==    by 0x10A1DF: ft_even_deploy_loop (deployment_of_philos.c:26)
==16298==    by 0x10A345: deploy_eaters (deployment_of_philos.c:62)
==16298==    by 0x10A405: ft_deploy_philosophers (deployment_of_philos.c:88)
==16298==    by 0x10939C: main (main.c:30)
==16298== 
==16298== ---Thread-Announcement------------------------------------------
==16298== 
==16298== Thread #1 is the program's root thread
==16298== 
==16298== ----------------------------------------------------------------
==16298== 
==16298==  Lock at 0x4AAA1B0 was first observed
==16298==    at 0x4854BFE: pthread_mutex_init (in /usr/libexec/valgrind/vgpreload_helgrind-amd64-linux.so)
==16298==    by 0x109653: ft_prepare_mutexes (data.c:25)
==16298==    by 0x1098C0: ft_prepare_forks_data (data.c:58)
==16298==    by 0x109366: main (main.c:27)
==16298==  Address 0x4aaa1b0 is 80 bytes inside a block of size 120 alloc'd
==16298==    at 0x484A919: malloc (in /usr/libexec/valgrind/vgpreload_helgrind-amd64-linux.so)
==16298==    by 0x1097AD: ft_prepare_forks_data (data.c:44)
==16298==    by 0x109366: main (main.c:27)
==16298==  Block was alloc'd by thread #1
==16298== 
==16298==  Lock at 0x4AAA160 was first observed
==16298==    at 0x4854BFE: pthread_mutex_init (in /usr/libexec/valgrind/vgpreload_helgrind-amd64-linux.so)
==16298==    by 0x109653: ft_prepare_mutexes (data.c:25)
==16298==    by 0x1098C0: ft_prepare_forks_data (data.c:58)
==16298==    by 0x109366: main (main.c:27)
==16298==  Address 0x4aaa160 is 0 bytes inside a block of size 120 alloc'd
==16298==    at 0x484A919: malloc (in /usr/libexec/valgrind/vgpreload_helgrind-amd64-linux.so)
==16298==    by 0x1097AD: ft_prepare_forks_data (data.c:44)
==16298==    by 0x109366: main (main.c:27)
==16298==  Block was alloc'd by thread #1
==16298== 
==16298== Possible data race during write of size 1 at 0x4AAA112 by thread #4
==16298== Locks held: 1, at address 0x4AAA1B0
==16298==    at 0x10B011: ft_forks_unlock (philosopher_utils.c:37)
==16298==    by 0x10AA41: ft_eat (philosopher.c:30)
==16298==    by 0x10AEB5: ft_philosopher (philosopher.c:109)
==16298==    by 0x485396A: ??? (in /usr/libexec/valgrind/vgpreload_helgrind-amd64-linux.so)
==16298==    by 0x4912AC2: start_thread (pthread_create.c:442)
==16298==    by 0x49A3A03: clone (clone.S:100)
==16298== 
==16298== This conflicts with a previous write of size 1 by thread #3
==16298== Locks held: 1, at address 0x4AAA160
==16298==    at 0x10B712: ft_right_first_fork_lock (philosopher_fork_handling.c:38)
==16298==    by 0x10A9F0: ft_eat (philosopher.c:24)
==16298==    by 0x10AEB5: ft_philosopher (philosopher.c:109)
==16298==    by 0x485396A: ??? (in /usr/libexec/valgrind/vgpreload_helgrind-amd64-linux.so)
==16298==    by 0x4912AC2: start_thread (pthread_create.c:442)
==16298==    by 0x49A3A03: clone (clone.S:100)
==16298==  Address 0x4aaa112 is 2 bytes inside a block of size 3 alloc'd
==16298==    at 0x484A919: malloc (in /usr/libexec/valgrind/vgpreload_helgrind-amd64-linux.so)
==16298==    by 0x109765: ft_prepare_forks_data (data.c:41)
==16298==    by 0x109366: main (main.c:27)
==16298==  Block was alloc'd by thread #1
==16298== 
==16298== 
==16298== Use --history-level=approx or =none to gain increased speed, at
==16298== the cost of reduced accuracy of conflicting-access information
==16298== For lists of detected and suppressed errors, rerun with: -s
==16298== ERROR SUMMARY: 1 errors from 1 contexts (suppressed: 8544 from 195)
