==38598== Helgrind, a thread error detector
==38598== Copyright (C) 2007-2017, and GNU GPL'd, by OpenWorks LLP et al.
==38598== Using Valgrind-3.18.1 and LibVEX; rerun with -h for copyright info
==38598== Command: ./philo 3 500 200 200 3
==38598== Parent PID: 28852
==38598== 
==38598== ---Thread-Announcement------------------------------------------
==38598== 
==38598== Thread #3 was created
==38598==    at 0x49A39F3: clone (clone.S:76)
==38598==    by 0x49A48EE: __clone_internal (clone-internal.c:83)
==38598==    by 0x49126D8: create_thread (pthread_create.c:295)
==38598==    by 0x49131FF: pthread_create@@GLIBC_2.34 (pthread_create.c:828)
==38598==    by 0x4853767: ??? (in /usr/libexec/valgrind/vgpreload_helgrind-amd64-linux.so)
==38598==    by 0x10A1DF: ft_even_deploy_loop (deployment_of_philos.c:26)
==38598==    by 0x10A345: deploy_eaters (deployment_of_philos.c:62)
==38598==    by 0x10A405: ft_deploy_philosophers (deployment_of_philos.c:88)
==38598==    by 0x10939C: main (main.c:30)
==38598== 
==38598== ----------------------------------------------------------------
==38598== 
==38598== Thread #3: lock order "A before B" violated
==38598== 
==38598== Observed (incorrect) order is: acquisition of lock at B
==38598==    at 0x4850CCF: ??? (in /usr/libexec/valgrind/vgpreload_helgrind-amd64-linux.so)
==38598==    by 0x10B7A3: ft_left_first_fork_lock (philosopher_fork_handling.c:53)
==38598==    by 0x10A9F0: ft_eat (philosopher.c:24)
==38598==    by 0x10AE84: ft_philosopher (philosopher.c:108)
==38598==    by 0x485396A: ??? (in /usr/libexec/valgrind/vgpreload_helgrind-amd64-linux.so)
==38598==    by 0x4912AC2: start_thread (pthread_create.c:442)
==38598==    by 0x49A3A03: clone (clone.S:100)
==38598== 
==38598==  followed by a later acquisition of lock at A
==38598==    at 0x4850CCF: ??? (in /usr/libexec/valgrind/vgpreload_helgrind-amd64-linux.so)
==38598==    by 0x10B7D4: ft_left_first_fork_lock (philosopher_fork_handling.c:54)
==38598==    by 0x10A9F0: ft_eat (philosopher.c:24)
==38598==    by 0x10AE84: ft_philosopher (philosopher.c:108)
==38598==    by 0x485396A: ??? (in /usr/libexec/valgrind/vgpreload_helgrind-amd64-linux.so)
==38598==    by 0x4912AC2: start_thread (pthread_create.c:442)
==38598==    by 0x49A3A03: clone (clone.S:100)
==38598== 
==38598==  Lock at A was first observed
==38598==    at 0x4854BFE: pthread_mutex_init (in /usr/libexec/valgrind/vgpreload_helgrind-amd64-linux.so)
==38598==    by 0x109653: ft_prepare_mutexes (data.c:25)
==38598==    by 0x1098C0: ft_prepare_forks_data (data.c:58)
==38598==    by 0x109366: main (main.c:27)
==38598==  Address A is 80 bytes inside a block of size 120 alloc'd
==38598==    at 0x484A919: malloc (in /usr/libexec/valgrind/vgpreload_helgrind-amd64-linux.so)
==38598==    by 0x1097AD: ft_prepare_forks_data (data.c:44)
==38598==    by 0x109366: main (main.c:27)
==38598==  Block was alloc'd by thread #1
==38598== 
==38598==  Lock at B was first observed
==38598==    at 0x4854BFE: pthread_mutex_init (in /usr/libexec/valgrind/vgpreload_helgrind-amd64-linux.so)
==38598==    by 0x109653: ft_prepare_mutexes (data.c:25)
==38598==    by 0x1098C0: ft_prepare_forks_data (data.c:58)
==38598==    by 0x109366: main (main.c:27)
==38598==  Address B is 0 bytes inside a block of size 120 alloc'd
==38598==    at 0x484A919: malloc (in /usr/libexec/valgrind/vgpreload_helgrind-amd64-linux.so)
==38598==    by 0x1097AD: ft_prepare_forks_data (data.c:44)
==38598==    by 0x109366: main (main.c:27)
==38598==  Block was alloc'd by thread #1
==38598== 
==38598== 
==38598== ---Thread-Announcement------------------------------------------
==38598== 
==38598== Thread #4 was created
==38598==    at 0x49A39F3: clone (clone.S:76)
==38598==    by 0x49A48EE: __clone_internal (clone-internal.c:83)
==38598==    by 0x49126D8: create_thread (pthread_create.c:295)
==38598==    by 0x49131FF: pthread_create@@GLIBC_2.34 (pthread_create.c:828)
==38598==    by 0x4853767: ??? (in /usr/libexec/valgrind/vgpreload_helgrind-amd64-linux.so)
==38598==    by 0x10A1DF: ft_even_deploy_loop (deployment_of_philos.c:26)
==38598==    by 0x10A345: deploy_eaters (deployment_of_philos.c:62)
==38598==    by 0x10A405: ft_deploy_philosophers (deployment_of_philos.c:88)
==38598==    by 0x10939C: main (main.c:30)
==38598== 
==38598== ----------------------------------------------------------------
==38598== 
==38598== Thread #4: lock order "C before A" violated
==38598== 
==38598== Observed (incorrect) order is: acquisition of lock at A
==38598==    at 0x4850CCF: ??? (in /usr/libexec/valgrind/vgpreload_helgrind-amd64-linux.so)
==38598==    by 0x10B7A3: ft_left_first_fork_lock (philosopher_fork_handling.c:53)
==38598==    by 0x10A9F0: ft_eat (philosopher.c:24)
==38598==    by 0x10AE84: ft_philosopher (philosopher.c:108)
==38598==    by 0x485396A: ??? (in /usr/libexec/valgrind/vgpreload_helgrind-amd64-linux.so)
==38598==    by 0x4912AC2: start_thread (pthread_create.c:442)
==38598==    by 0x49A3A03: clone (clone.S:100)
==38598== 
==38598==  followed by a later acquisition of lock at C
==38598==    at 0x4850CCF: ??? (in /usr/libexec/valgrind/vgpreload_helgrind-amd64-linux.so)
==38598==    by 0x10B7D4: ft_left_first_fork_lock (philosopher_fork_handling.c:54)
==38598==    by 0x10A9F0: ft_eat (philosopher.c:24)
==38598==    by 0x10AE84: ft_philosopher (philosopher.c:108)
==38598==    by 0x485396A: ??? (in /usr/libexec/valgrind/vgpreload_helgrind-amd64-linux.so)
==38598==    by 0x4912AC2: start_thread (pthread_create.c:442)
==38598==    by 0x49A3A03: clone (clone.S:100)
==38598== 
==38598==  Lock at C was first observed
==38598==    at 0x4854BFE: pthread_mutex_init (in /usr/libexec/valgrind/vgpreload_helgrind-amd64-linux.so)
==38598==    by 0x109653: ft_prepare_mutexes (data.c:25)
==38598==    by 0x1098C0: ft_prepare_forks_data (data.c:58)
==38598==    by 0x109366: main (main.c:27)
==38598==  Address C is 40 bytes inside a block of size 120 alloc'd
==38598==    at 0x484A919: malloc (in /usr/libexec/valgrind/vgpreload_helgrind-amd64-linux.so)
==38598==    by 0x1097AD: ft_prepare_forks_data (data.c:44)
==38598==    by 0x109366: main (main.c:27)
==38598==  Block was alloc'd by thread #1
==38598== 
==38598==  Lock at A was first observed
==38598==    at 0x4854BFE: pthread_mutex_init (in /usr/libexec/valgrind/vgpreload_helgrind-amd64-linux.so)
==38598==    by 0x109653: ft_prepare_mutexes (data.c:25)
==38598==    by 0x1098C0: ft_prepare_forks_data (data.c:58)
==38598==    by 0x109366: main (main.c:27)
==38598==  Address A is 80 bytes inside a block of size 120 alloc'd
==38598==    at 0x484A919: malloc (in /usr/libexec/valgrind/vgpreload_helgrind-amd64-linux.so)
==38598==    by 0x1097AD: ft_prepare_forks_data (data.c:44)
==38598==    by 0x109366: main (main.c:27)
==38598==  Block was alloc'd by thread #1
==38598== 
==38598== 
==38598== ---Thread-Announcement------------------------------------------
==38598== 
==38598== Thread #5 was created
==38598==    at 0x49A39F3: clone (clone.S:76)
==38598==    by 0x49A48EE: __clone_internal (clone-internal.c:83)
==38598==    by 0x49126D8: create_thread (pthread_create.c:295)
==38598==    by 0x49131FF: pthread_create@@GLIBC_2.34 (pthread_create.c:828)
==38598==    by 0x4853767: ??? (in /usr/libexec/valgrind/vgpreload_helgrind-amd64-linux.so)
==38598==    by 0x10A1DF: ft_even_deploy_loop (deployment_of_philos.c:26)
==38598==    by 0x10A3AA: deploy_rest (deployment_of_philos.c:78)
==38598==    by 0x10A411: ft_deploy_philosophers (deployment_of_philos.c:89)
==38598==    by 0x10939C: main (main.c:30)
==38598== 
==38598== ----------------------------------------------------------------
==38598== 
==38598== Thread #5: lock order "D before E" violated
==38598== 
==38598== Observed (incorrect) order is: acquisition of lock at E
==38598==    at 0x4850CCF: ??? (in /usr/libexec/valgrind/vgpreload_helgrind-amd64-linux.so)
==38598==    by 0x10B2BC: ft_eat_dealy_and_stat_update (philosopher_utils.c:73)
==38598==    by 0x10AA30: ft_eat (philosopher.c:29)
==38598==    by 0x10AE84: ft_philosopher (philosopher.c:108)
==38598==    by 0x485396A: ??? (in /usr/libexec/valgrind/vgpreload_helgrind-amd64-linux.so)
==38598==    by 0x4912AC2: start_thread (pthread_create.c:442)
==38598==    by 0x49A3A03: clone (clone.S:100)
==38598== 
==38598==  followed by a later acquisition of lock at D
==38598==    at 0x4850CCF: ??? (in /usr/libexec/valgrind/vgpreload_helgrind-amd64-linux.so)
==38598==    by 0x10B31C: ft_eat_dealy_and_stat_update (philosopher_utils.c:75)
==38598==    by 0x10AA30: ft_eat (philosopher.c:29)
==38598==    by 0x10AE84: ft_philosopher (philosopher.c:108)
==38598==    by 0x485396A: ??? (in /usr/libexec/valgrind/vgpreload_helgrind-amd64-linux.so)
==38598==    by 0x4912AC2: start_thread (pthread_create.c:442)
==38598==    by 0x49A3A03: clone (clone.S:100)
==38598== 
==38598== Required order was established by acquisition of lock at D
==38598==    at 0x4850CCF: ??? (in /usr/libexec/valgrind/vgpreload_helgrind-amd64-linux.so)
==38598==    by 0x10ABC8: ft_death_check (philosopher.c:68)
==38598==    by 0x10A9C7: ft_eat (philosopher.c:21)
==38598==    by 0x10AE84: ft_philosopher (philosopher.c:108)
==38598==    by 0x485396A: ??? (in /usr/libexec/valgrind/vgpreload_helgrind-amd64-linux.so)
==38598==    by 0x4912AC2: start_thread (pthread_create.c:442)
==38598==    by 0x49A3A03: clone (clone.S:100)
==38598== 
==38598==  followed by a later acquisition of lock at E
==38598==    at 0x4850CCF: ??? (in /usr/libexec/valgrind/vgpreload_helgrind-amd64-linux.so)
==38598==    by 0x10AC61: ft_death_check (philosopher.c:74)
==38598==    by 0x10A9C7: ft_eat (philosopher.c:21)
==38598==    by 0x10AE84: ft_philosopher (philosopher.c:108)
==38598==    by 0x485396A: ??? (in /usr/libexec/valgrind/vgpreload_helgrind-amd64-linux.so)
==38598==    by 0x4912AC2: start_thread (pthread_create.c:442)
==38598==    by 0x49A3A03: clone (clone.S:100)
==38598== 
==38598==  Lock at D was first observed
==38598==    at 0x4854BFE: pthread_mutex_init (in /usr/libexec/valgrind/vgpreload_helgrind-amd64-linux.so)
==38598==    by 0x109694: ft_prepare_mutexes (data.c:27)
==38598==    by 0x1098C0: ft_prepare_forks_data (data.c:58)
==38598==    by 0x109366: main (main.c:27)
==38598==  Address D is 40 bytes inside a block of size 120 alloc'd
==38598==    at 0x484A919: malloc (in /usr/libexec/valgrind/vgpreload_helgrind-amd64-linux.so)
==38598==    by 0x1097F5: ft_prepare_forks_data (data.c:48)
==38598==    by 0x109366: main (main.c:27)
==38598==  Block was alloc'd by thread #1
==38598== 
==38598==  Lock at E was first observed
==38598==    at 0x4854BFE: pthread_mutex_init (in /usr/libexec/valgrind/vgpreload_helgrind-amd64-linux.so)
==38598==    by 0x1096D5: ft_prepare_mutexes (data.c:29)
==38598==    by 0x1098C0: ft_prepare_forks_data (data.c:58)
==38598==    by 0x109366: main (main.c:27)
==38598==  Address E is 40 bytes inside a block of size 120 alloc'd
==38598==    at 0x484A919: malloc (in /usr/libexec/valgrind/vgpreload_helgrind-amd64-linux.so)
==38598==    by 0x10983D: ft_prepare_forks_data (data.c:51)
==38598==    by 0x109366: main (main.c:27)
==38598==  Block was alloc'd by thread #1
==38598== 
==38598== 
==38598== ---Thread-Announcement------------------------------------------
==38598== 
==38598== Thread #2 was created
==38598==    at 0x49A39F3: clone (clone.S:76)
==38598==    by 0x49A48EE: __clone_internal (clone-internal.c:83)
==38598==    by 0x49126D8: create_thread (pthread_create.c:295)
==38598==    by 0x49131FF: pthread_create@@GLIBC_2.34 (pthread_create.c:828)
==38598==    by 0x4853767: ??? (in /usr/libexec/valgrind/vgpreload_helgrind-amd64-linux.so)
==38598==    by 0x10A3F9: ft_deploy_philosophers (deployment_of_philos.c:87)
==38598==    by 0x10939C: main (main.c:30)
==38598== 
==38598== ----------------------------------------------------------------
==38598== 
==38598== Thread #2: lock order "F before G" violated
==38598== 
==38598== Observed (incorrect) order is: acquisition of lock at G
==38598==    at 0x4850CCF: ??? (in /usr/libexec/valgrind/vgpreload_helgrind-amd64-linux.so)
==38598==    by 0x10A699: ft_check_last_eating (grim_reaper.c:91)
==38598==    by 0x10A871: ft_grim_reaper (grim_reaper.c:118)
==38598==    by 0x485396A: ??? (in /usr/libexec/valgrind/vgpreload_helgrind-amd64-linux.so)
==38598==    by 0x4912AC2: start_thread (pthread_create.c:442)
==38598==    by 0x49A3A03: clone (clone.S:100)
==38598== 
==38598==  followed by a later acquisition of lock at F
==38598==    at 0x4850CCF: ??? (in /usr/libexec/valgrind/vgpreload_helgrind-amd64-linux.so)
==38598==    by 0x10A6C0: ft_check_last_eating (grim_reaper.c:92)
==38598==    by 0x10A871: ft_grim_reaper (grim_reaper.c:118)
==38598==    by 0x485396A: ??? (in /usr/libexec/valgrind/vgpreload_helgrind-amd64-linux.so)
==38598==    by 0x4912AC2: start_thread (pthread_create.c:442)
==38598==    by 0x49A3A03: clone (clone.S:100)
==38598== 
==38598== Required order was established by acquisition of lock at F
==38598==    at 0x4850CCF: ??? (in /usr/libexec/valgrind/vgpreload_helgrind-amd64-linux.so)
==38598==    by 0x10ABC8: ft_death_check (philosopher.c:68)
==38598==    by 0x10A9C7: ft_eat (philosopher.c:21)
==38598==    by 0x10AE84: ft_philosopher (philosopher.c:108)
==38598==    by 0x485396A: ??? (in /usr/libexec/valgrind/vgpreload_helgrind-amd64-linux.so)
==38598==    by 0x4912AC2: start_thread (pthread_create.c:442)
==38598==    by 0x49A3A03: clone (clone.S:100)
==38598== 
==38598==  followed by a later acquisition of lock at G
==38598==    at 0x4850CCF: ??? (in /usr/libexec/valgrind/vgpreload_helgrind-amd64-linux.so)
==38598==    by 0x10AC61: ft_death_check (philosopher.c:74)
==38598==    by 0x10A9C7: ft_eat (philosopher.c:21)
==38598==    by 0x10AE84: ft_philosopher (philosopher.c:108)
==38598==    by 0x485396A: ??? (in /usr/libexec/valgrind/vgpreload_helgrind-amd64-linux.so)
==38598==    by 0x4912AC2: start_thread (pthread_create.c:442)
==38598==    by 0x49A3A03: clone (clone.S:100)
==38598== 
==38598==  Lock at F was first observed
==38598==    at 0x4854BFE: pthread_mutex_init (in /usr/libexec/valgrind/vgpreload_helgrind-amd64-linux.so)
==38598==    by 0x109694: ft_prepare_mutexes (data.c:27)
==38598==    by 0x1098C0: ft_prepare_forks_data (data.c:58)
==38598==    by 0x109366: main (main.c:27)
==38598==  Address F is 0 bytes inside a block of size 120 alloc'd
==38598==    at 0x484A919: malloc (in /usr/libexec/valgrind/vgpreload_helgrind-amd64-linux.so)
==38598==    by 0x1097F5: ft_prepare_forks_data (data.c:48)
==38598==    by 0x109366: main (main.c:27)
==38598==  Block was alloc'd by thread #1
==38598== 
==38598==  Lock at G was first observed
==38598==    at 0x4854BFE: pthread_mutex_init (in /usr/libexec/valgrind/vgpreload_helgrind-amd64-linux.so)
==38598==    by 0x1096D5: ft_prepare_mutexes (data.c:29)
==38598==    by 0x1098C0: ft_prepare_forks_data (data.c:58)
==38598==    by 0x109366: main (main.c:27)
==38598==  Address G is 0 bytes inside a block of size 120 alloc'd
==38598==    at 0x484A919: malloc (in /usr/libexec/valgrind/vgpreload_helgrind-amd64-linux.so)
==38598==    by 0x10983D: ft_prepare_forks_data (data.c:51)
==38598==    by 0x109366: main (main.c:27)
==38598==  Block was alloc'd by thread #1
==38598== 
==38598== 
==38598== ----------------------------------------------------------------
==38598== 
==38598== Thread #5: lock order "E before D" violated
==38598== 
==38598== Observed (incorrect) order is: acquisition of lock at D
==38598==    at 0x4850CCF: ??? (in /usr/libexec/valgrind/vgpreload_helgrind-amd64-linux.so)
==38598==    by 0x10ABC8: ft_death_check (philosopher.c:68)
==38598==    by 0x10AB30: ft_think (philosopher.c:56)
==38598==    by 0x10AAF2: ft_sleep (philosopher.c:46)
==38598==    by 0x10AA52: ft_eat (philosopher.c:31)
==38598==    by 0x10AE84: ft_philosopher (philosopher.c:108)
==38598==    by 0x485396A: ??? (in /usr/libexec/valgrind/vgpreload_helgrind-amd64-linux.so)
==38598==    by 0x4912AC2: start_thread (pthread_create.c:442)
==38598==    by 0x49A3A03: clone (clone.S:100)
==38598== 
==38598==  followed by a later acquisition of lock at E
==38598==    at 0x4850CCF: ??? (in /usr/libexec/valgrind/vgpreload_helgrind-amd64-linux.so)
==38598==    by 0x10AC61: ft_death_check (philosopher.c:74)
==38598==    by 0x10AB30: ft_think (philosopher.c:56)
==38598==    by 0x10AAF2: ft_sleep (philosopher.c:46)
==38598==    by 0x10AA52: ft_eat (philosopher.c:31)
==38598==    by 0x10AE84: ft_philosopher (philosopher.c:108)
==38598==    by 0x485396A: ??? (in /usr/libexec/valgrind/vgpreload_helgrind-amd64-linux.so)
==38598==    by 0x4912AC2: start_thread (pthread_create.c:442)
==38598==    by 0x49A3A03: clone (clone.S:100)
==38598== 
==38598== Required order was established by acquisition of lock at E
==38598==    at 0x4850CCF: ??? (in /usr/libexec/valgrind/vgpreload_helgrind-amd64-linux.so)
==38598==    by 0x10B2BC: ft_eat_dealy_and_stat_update (philosopher_utils.c:73)
==38598==    by 0x10AA30: ft_eat (philosopher.c:29)
==38598==    by 0x10AE84: ft_philosopher (philosopher.c:108)
==38598==    by 0x485396A: ??? (in /usr/libexec/valgrind/vgpreload_helgrind-amd64-linux.so)
==38598==    by 0x4912AC2: start_thread (pthread_create.c:442)
==38598==    by 0x49A3A03: clone (clone.S:100)
==38598== 
==38598==  followed by a later acquisition of lock at D
==38598==    at 0x4850CCF: ??? (in /usr/libexec/valgrind/vgpreload_helgrind-amd64-linux.so)
==38598==    by 0x10B31C: ft_eat_dealy_and_stat_update (philosopher_utils.c:75)
==38598==    by 0x10AA30: ft_eat (philosopher.c:29)
==38598==    by 0x10AE84: ft_philosopher (philosopher.c:108)
==38598==    by 0x485396A: ??? (in /usr/libexec/valgrind/vgpreload_helgrind-amd64-linux.so)
==38598==    by 0x4912AC2: start_thread (pthread_create.c:442)
==38598==    by 0x49A3A03: clone (clone.S:100)
==38598== 
==38598==  Lock at E was first observed
==38598==    at 0x4854BFE: pthread_mutex_init (in /usr/libexec/valgrind/vgpreload_helgrind-amd64-linux.so)
==38598==    by 0x1096D5: ft_prepare_mutexes (data.c:29)
==38598==    by 0x1098C0: ft_prepare_forks_data (data.c:58)
==38598==    by 0x109366: main (main.c:27)
==38598==  Address E is 40 bytes inside a block of size 120 alloc'd
==38598==    at 0x484A919: malloc (in /usr/libexec/valgrind/vgpreload_helgrind-amd64-linux.so)
==38598==    by 0x10983D: ft_prepare_forks_data (data.c:51)
==38598==    by 0x109366: main (main.c:27)
==38598==  Block was alloc'd by thread #1
==38598== 
==38598==  Lock at D was first observed
==38598==    at 0x4854BFE: pthread_mutex_init (in /usr/libexec/valgrind/vgpreload_helgrind-amd64-linux.so)
==38598==    by 0x109694: ft_prepare_mutexes (data.c:27)
==38598==    by 0x1098C0: ft_prepare_forks_data (data.c:58)
==38598==    by 0x109366: main (main.c:27)
==38598==  Address D is 40 bytes inside a block of size 120 alloc'd
==38598==    at 0x484A919: malloc (in /usr/libexec/valgrind/vgpreload_helgrind-amd64-linux.so)
==38598==    by 0x1097F5: ft_prepare_forks_data (data.c:48)
==38598==    by 0x109366: main (main.c:27)
==38598==  Block was alloc'd by thread #1
==38598== 
==38598== 
==38598== ----------------------------------------------------------------
==38598== 
==38598== Thread #5: lock order "E before D" violated
==38598== 
==38598== Observed (incorrect) order is: acquisition of lock at D
==38598==    at 0x4850CCF: ??? (in /usr/libexec/valgrind/vgpreload_helgrind-amd64-linux.so)
==38598==    by 0x10ABC8: ft_death_check (philosopher.c:68)
==38598==    by 0x10A9C7: ft_eat (philosopher.c:21)
==38598==    by 0x10AE84: ft_philosopher (philosopher.c:108)
==38598==    by 0x485396A: ??? (in /usr/libexec/valgrind/vgpreload_helgrind-amd64-linux.so)
==38598==    by 0x4912AC2: start_thread (pthread_create.c:442)
==38598==    by 0x49A3A03: clone (clone.S:100)
==38598== 
==38598==  followed by a later acquisition of lock at E
==38598==    at 0x4850CCF: ??? (in /usr/libexec/valgrind/vgpreload_helgrind-amd64-linux.so)
==38598==    by 0x10AC61: ft_death_check (philosopher.c:74)
==38598==    by 0x10A9C7: ft_eat (philosopher.c:21)
==38598==    by 0x10AE84: ft_philosopher (philosopher.c:108)
==38598==    by 0x485396A: ??? (in /usr/libexec/valgrind/vgpreload_helgrind-amd64-linux.so)
==38598==    by 0x4912AC2: start_thread (pthread_create.c:442)
==38598==    by 0x49A3A03: clone (clone.S:100)
==38598== 
==38598== Required order was established by acquisition of lock at E
==38598==    at 0x4850CCF: ??? (in /usr/libexec/valgrind/vgpreload_helgrind-amd64-linux.so)
==38598==    by 0x10B2BC: ft_eat_dealy_and_stat_update (philosopher_utils.c:73)
==38598==    by 0x10AA30: ft_eat (philosopher.c:29)
==38598==    by 0x10AE84: ft_philosopher (philosopher.c:108)
==38598==    by 0x485396A: ??? (in /usr/libexec/valgrind/vgpreload_helgrind-amd64-linux.so)
==38598==    by 0x4912AC2: start_thread (pthread_create.c:442)
==38598==    by 0x49A3A03: clone (clone.S:100)
==38598== 
==38598==  followed by a later acquisition of lock at D
==38598==    at 0x4850CCF: ??? (in /usr/libexec/valgrind/vgpreload_helgrind-amd64-linux.so)
==38598==    by 0x10B31C: ft_eat_dealy_and_stat_update (philosopher_utils.c:75)
==38598==    by 0x10AA30: ft_eat (philosopher.c:29)
==38598==    by 0x10AE84: ft_philosopher (philosopher.c:108)
==38598==    by 0x485396A: ??? (in /usr/libexec/valgrind/vgpreload_helgrind-amd64-linux.so)
==38598==    by 0x4912AC2: start_thread (pthread_create.c:442)
==38598==    by 0x49A3A03: clone (clone.S:100)
==38598== 
==38598==  Lock at E was first observed
==38598==    at 0x4854BFE: pthread_mutex_init (in /usr/libexec/valgrind/vgpreload_helgrind-amd64-linux.so)
==38598==    by 0x1096D5: ft_prepare_mutexes (data.c:29)
==38598==    by 0x1098C0: ft_prepare_forks_data (data.c:58)
==38598==    by 0x109366: main (main.c:27)
==38598==  Address E is 40 bytes inside a block of size 120 alloc'd
==38598==    at 0x484A919: malloc (in /usr/libexec/valgrind/vgpreload_helgrind-amd64-linux.so)
==38598==    by 0x10983D: ft_prepare_forks_data (data.c:51)
==38598==    by 0x109366: main (main.c:27)
==38598==  Block was alloc'd by thread #1
==38598== 
==38598==  Lock at D was first observed
==38598==    at 0x4854BFE: pthread_mutex_init (in /usr/libexec/valgrind/vgpreload_helgrind-amd64-linux.so)
==38598==    by 0x109694: ft_prepare_mutexes (data.c:27)
==38598==    by 0x1098C0: ft_prepare_forks_data (data.c:58)
==38598==    by 0x109366: main (main.c:27)
==38598==  Address D is 40 bytes inside a block of size 120 alloc'd
==38598==    at 0x484A919: malloc (in /usr/libexec/valgrind/vgpreload_helgrind-amd64-linux.so)
==38598==    by 0x1097F5: ft_prepare_forks_data (data.c:48)
==38598==    by 0x109366: main (main.c:27)
==38598==  Block was alloc'd by thread #1
==38598== 
==38598== 
==38598== ----------------------------------------------------------------
==38598== 
==38598== Thread #5: lock order "B before C" violated
==38598== 
==38598== Observed (incorrect) order is: acquisition of lock at C
==38598==    at 0x4850CCF: ??? (in /usr/libexec/valgrind/vgpreload_helgrind-amd64-linux.so)
==38598==    by 0x10B7A3: ft_left_first_fork_lock (philosopher_fork_handling.c:53)
==38598==    by 0x10AA03: ft_eat (philosopher.c:26)
==38598==    by 0x10AE84: ft_philosopher (philosopher.c:108)
==38598==    by 0x485396A: ??? (in /usr/libexec/valgrind/vgpreload_helgrind-amd64-linux.so)
==38598==    by 0x4912AC2: start_thread (pthread_create.c:442)
==38598==    by 0x49A3A03: clone (clone.S:100)
==38598== 
==38598==  followed by a later acquisition of lock at B
==38598==    at 0x4850CCF: ??? (in /usr/libexec/valgrind/vgpreload_helgrind-amd64-linux.so)
==38598==    by 0x10B7D4: ft_left_first_fork_lock (philosopher_fork_handling.c:54)
==38598==    by 0x10AA03: ft_eat (philosopher.c:26)
==38598==    by 0x10AE84: ft_philosopher (philosopher.c:108)
==38598==    by 0x485396A: ??? (in /usr/libexec/valgrind/vgpreload_helgrind-amd64-linux.so)
==38598==    by 0x4912AC2: start_thread (pthread_create.c:442)
==38598==    by 0x49A3A03: clone (clone.S:100)
==38598== 
==38598==  Lock at B was first observed
==38598==    at 0x4854BFE: pthread_mutex_init (in /usr/libexec/valgrind/vgpreload_helgrind-amd64-linux.so)
==38598==    by 0x109653: ft_prepare_mutexes (data.c:25)
==38598==    by 0x1098C0: ft_prepare_forks_data (data.c:58)
==38598==    by 0x109366: main (main.c:27)
==38598==  Address B is 0 bytes inside a block of size 120 alloc'd
==38598==    at 0x484A919: malloc (in /usr/libexec/valgrind/vgpreload_helgrind-amd64-linux.so)
==38598==    by 0x1097AD: ft_prepare_forks_data (data.c:44)
==38598==    by 0x109366: main (main.c:27)
==38598==  Block was alloc'd by thread #1
==38598== 
==38598==  Lock at C was first observed
==38598==    at 0x4854BFE: pthread_mutex_init (in /usr/libexec/valgrind/vgpreload_helgrind-amd64-linux.so)
==38598==    by 0x109653: ft_prepare_mutexes (data.c:25)
==38598==    by 0x1098C0: ft_prepare_forks_data (data.c:58)
==38598==    by 0x109366: main (main.c:27)
==38598==  Address C is 40 bytes inside a block of size 120 alloc'd
==38598==    at 0x484A919: malloc (in /usr/libexec/valgrind/vgpreload_helgrind-amd64-linux.so)
==38598==    by 0x1097AD: ft_prepare_forks_data (data.c:44)
==38598==    by 0x109366: main (main.c:27)
==38598==  Block was alloc'd by thread #1
==38598== 
==38598== 
==38598== ----------------------------------------------------------------
==38598== 
==38598== Thread #4: lock order "H before I" violated
==38598== 
==38598== Observed (incorrect) order is: acquisition of lock at I
==38598==    at 0x4850CCF: ??? (in /usr/libexec/valgrind/vgpreload_helgrind-amd64-linux.so)
==38598==    by 0x10B2BC: ft_eat_dealy_and_stat_update (philosopher_utils.c:73)
==38598==    by 0x10AA30: ft_eat (philosopher.c:29)
==38598==    by 0x10AE84: ft_philosopher (philosopher.c:108)
==38598==    by 0x485396A: ??? (in /usr/libexec/valgrind/vgpreload_helgrind-amd64-linux.so)
==38598==    by 0x4912AC2: start_thread (pthread_create.c:442)
==38598==    by 0x49A3A03: clone (clone.S:100)
==38598== 
==38598==  followed by a later acquisition of lock at H
==38598==    at 0x4850CCF: ??? (in /usr/libexec/valgrind/vgpreload_helgrind-amd64-linux.so)
==38598==    by 0x10B31C: ft_eat_dealy_and_stat_update (philosopher_utils.c:75)
==38598==    by 0x10AA30: ft_eat (philosopher.c:29)
==38598==    by 0x10AE84: ft_philosopher (philosopher.c:108)
==38598==    by 0x485396A: ??? (in /usr/libexec/valgrind/vgpreload_helgrind-amd64-linux.so)
==38598==    by 0x4912AC2: start_thread (pthread_create.c:442)
==38598==    by 0x49A3A03: clone (clone.S:100)
==38598== 
==38598== Required order was established by acquisition of lock at H
==38598==    at 0x4850CCF: ??? (in /usr/libexec/valgrind/vgpreload_helgrind-amd64-linux.so)
==38598==    by 0x10ABC8: ft_death_check (philosopher.c:68)
==38598==    by 0x10A9C7: ft_eat (philosopher.c:21)
==38598==    by 0x10AE84: ft_philosopher (philosopher.c:108)
==38598==    by 0x485396A: ??? (in /usr/libexec/valgrind/vgpreload_helgrind-amd64-linux.so)
==38598==    by 0x4912AC2: start_thread (pthread_create.c:442)
==38598==    by 0x49A3A03: clone (clone.S:100)
==38598== 
==38598==  followed by a later acquisition of lock at I
==38598==    at 0x4850CCF: ??? (in /usr/libexec/valgrind/vgpreload_helgrind-amd64-linux.so)
==38598==    by 0x10AC61: ft_death_check (philosopher.c:74)
==38598==    by 0x10A9C7: ft_eat (philosopher.c:21)
==38598==    by 0x10AE84: ft_philosopher (philosopher.c:108)
==38598==    by 0x485396A: ??? (in /usr/libexec/valgrind/vgpreload_helgrind-amd64-linux.so)
==38598==    by 0x4912AC2: start_thread (pthread_create.c:442)
==38598==    by 0x49A3A03: clone (clone.S:100)
==38598== 
==38598==  Lock at H was first observed
==38598==    at 0x4854BFE: pthread_mutex_init (in /usr/libexec/valgrind/vgpreload_helgrind-amd64-linux.so)
==38598==    by 0x109694: ft_prepare_mutexes (data.c:27)
==38598==    by 0x1098C0: ft_prepare_forks_data (data.c:58)
==38598==    by 0x109366: main (main.c:27)
==38598==  Address H is 80 bytes inside a block of size 120 alloc'd
==38598==    at 0x484A919: malloc (in /usr/libexec/valgrind/vgpreload_helgrind-amd64-linux.so)
==38598==    by 0x1097F5: ft_prepare_forks_data (data.c:48)
==38598==    by 0x109366: main (main.c:27)
==38598==  Block was alloc'd by thread #1
==38598== 
==38598==  Lock at I was first observed
==38598==    at 0x4854BFE: pthread_mutex_init (in /usr/libexec/valgrind/vgpreload_helgrind-amd64-linux.so)
==38598==    by 0x1096D5: ft_prepare_mutexes (data.c:29)
==38598==    by 0x1098C0: ft_prepare_forks_data (data.c:58)
==38598==    by 0x109366: main (main.c:27)
==38598==  Address I is 80 bytes inside a block of size 120 alloc'd
==38598==    at 0x484A919: malloc (in /usr/libexec/valgrind/vgpreload_helgrind-amd64-linux.so)
==38598==    by 0x10983D: ft_prepare_forks_data (data.c:51)
==38598==    by 0x109366: main (main.c:27)
==38598==  Block was alloc'd by thread #1
==38598== 
==38598== 
==38598== ----------------------------------------------------------------
==38598== 
==38598== Thread #3: lock order "G before F" violated
==38598== 
==38598== Observed (incorrect) order is: acquisition of lock at F
==38598==    at 0x4850CCF: ??? (in /usr/libexec/valgrind/vgpreload_helgrind-amd64-linux.so)
==38598==    by 0x10ABC8: ft_death_check (philosopher.c:68)
==38598==    by 0x10AA14: ft_eat (philosopher.c:27)
==38598==    by 0x10AE84: ft_philosopher (philosopher.c:108)
==38598==    by 0x485396A: ??? (in /usr/libexec/valgrind/vgpreload_helgrind-amd64-linux.so)
==38598==    by 0x4912AC2: start_thread (pthread_create.c:442)
==38598==    by 0x49A3A03: clone (clone.S:100)
==38598== 
==38598==  followed by a later acquisition of lock at G
==38598==    at 0x4850CCF: ??? (in /usr/libexec/valgrind/vgpreload_helgrind-amd64-linux.so)
==38598==    by 0x10AC61: ft_death_check (philosopher.c:74)
==38598==    by 0x10AA14: ft_eat (philosopher.c:27)
==38598==    by 0x10AE84: ft_philosopher (philosopher.c:108)
==38598==    by 0x485396A: ??? (in /usr/libexec/valgrind/vgpreload_helgrind-amd64-linux.so)
==38598==    by 0x4912AC2: start_thread (pthread_create.c:442)
==38598==    by 0x49A3A03: clone (clone.S:100)
==38598== 
==38598== Required order was established by acquisition of lock at G
==38598==    at 0x4850CCF: ??? (in /usr/libexec/valgrind/vgpreload_helgrind-amd64-linux.so)
==38598==    by 0x10A699: ft_check_last_eating (grim_reaper.c:91)
==38598==    by 0x10A871: ft_grim_reaper (grim_reaper.c:118)
==38598==    by 0x485396A: ??? (in /usr/libexec/valgrind/vgpreload_helgrind-amd64-linux.so)
==38598==    by 0x4912AC2: start_thread (pthread_create.c:442)
==38598==    by 0x49A3A03: clone (clone.S:100)
==38598== 
==38598==  followed by a later acquisition of lock at F
==38598==    at 0x4850CCF: ??? (in /usr/libexec/valgrind/vgpreload_helgrind-amd64-linux.so)
==38598==    by 0x10A6C0: ft_check_last_eating (grim_reaper.c:92)
==38598==    by 0x10A871: ft_grim_reaper (grim_reaper.c:118)
==38598==    by 0x485396A: ??? (in /usr/libexec/valgrind/vgpreload_helgrind-amd64-linux.so)
==38598==    by 0x4912AC2: start_thread (pthread_create.c:442)
==38598==    by 0x49A3A03: clone (clone.S:100)
==38598== 
==38598==  Lock at G was first observed
==38598==    at 0x4854BFE: pthread_mutex_init (in /usr/libexec/valgrind/vgpreload_helgrind-amd64-linux.so)
==38598==    by 0x1096D5: ft_prepare_mutexes (data.c:29)
==38598==    by 0x1098C0: ft_prepare_forks_data (data.c:58)
==38598==    by 0x109366: main (main.c:27)
==38598==  Address G is 0 bytes inside a block of size 120 alloc'd
==38598==    at 0x484A919: malloc (in /usr/libexec/valgrind/vgpreload_helgrind-amd64-linux.so)
==38598==    by 0x10983D: ft_prepare_forks_data (data.c:51)
==38598==    by 0x109366: main (main.c:27)
==38598==  Block was alloc'd by thread #1
==38598== 
==38598==  Lock at F was first observed
==38598==    at 0x4854BFE: pthread_mutex_init (in /usr/libexec/valgrind/vgpreload_helgrind-amd64-linux.so)
==38598==    by 0x109694: ft_prepare_mutexes (data.c:27)
==38598==    by 0x1098C0: ft_prepare_forks_data (data.c:58)
==38598==    by 0x109366: main (main.c:27)
==38598==  Address F is 0 bytes inside a block of size 120 alloc'd
==38598==    at 0x484A919: malloc (in /usr/libexec/valgrind/vgpreload_helgrind-amd64-linux.so)
==38598==    by 0x1097F5: ft_prepare_forks_data (data.c:48)
==38598==    by 0x109366: main (main.c:27)
==38598==  Block was alloc'd by thread #1
==38598== 
==38598== 
==38598== ----------------------------------------------------------------
==38598== 
==38598== Thread #4: lock order "I before H" violated
==38598== 
==38598== Observed (incorrect) order is: acquisition of lock at H
==38598==    at 0x4850CCF: ??? (in /usr/libexec/valgrind/vgpreload_helgrind-amd64-linux.so)
==38598==    by 0x10ABC8: ft_death_check (philosopher.c:68)
==38598==    by 0x10AB30: ft_think (philosopher.c:56)
==38598==    by 0x10AAF2: ft_sleep (philosopher.c:46)
==38598==    by 0x10AA52: ft_eat (philosopher.c:31)
==38598==    by 0x10AE84: ft_philosopher (philosopher.c:108)
==38598==    by 0x485396A: ??? (in /usr/libexec/valgrind/vgpreload_helgrind-amd64-linux.so)
==38598==    by 0x4912AC2: start_thread (pthread_create.c:442)
==38598==    by 0x49A3A03: clone (clone.S:100)
==38598== 
==38598==  followed by a later acquisition of lock at I
==38598==    at 0x4850CCF: ??? (in /usr/libexec/valgrind/vgpreload_helgrind-amd64-linux.so)
==38598==    by 0x10AC61: ft_death_check (philosopher.c:74)
==38598==    by 0x10AB30: ft_think (philosopher.c:56)
==38598==    by 0x10AAF2: ft_sleep (philosopher.c:46)
==38598==    by 0x10AA52: ft_eat (philosopher.c:31)
==38598==    by 0x10AE84: ft_philosopher (philosopher.c:108)
==38598==    by 0x485396A: ??? (in /usr/libexec/valgrind/vgpreload_helgrind-amd64-linux.so)
==38598==    by 0x4912AC2: start_thread (pthread_create.c:442)
==38598==    by 0x49A3A03: clone (clone.S:100)
==38598== 
==38598== Required order was established by acquisition of lock at I
==38598==    at 0x4850CCF: ??? (in /usr/libexec/valgrind/vgpreload_helgrind-amd64-linux.so)
==38598==    by 0x10A699: ft_check_last_eating (grim_reaper.c:91)
==38598==    by 0x10A871: ft_grim_reaper (grim_reaper.c:118)
==38598==    by 0x485396A: ??? (in /usr/libexec/valgrind/vgpreload_helgrind-amd64-linux.so)
==38598==    by 0x4912AC2: start_thread (pthread_create.c:442)
==38598==    by 0x49A3A03: clone (clone.S:100)
==38598== 
==38598==  followed by a later acquisition of lock at H
==38598==    at 0x4850CCF: ??? (in /usr/libexec/valgrind/vgpreload_helgrind-amd64-linux.so)
==38598==    by 0x10A6C0: ft_check_last_eating (grim_reaper.c:92)
==38598==    by 0x10A871: ft_grim_reaper (grim_reaper.c:118)
==38598==    by 0x485396A: ??? (in /usr/libexec/valgrind/vgpreload_helgrind-amd64-linux.so)
==38598==    by 0x4912AC2: start_thread (pthread_create.c:442)
==38598==    by 0x49A3A03: clone (clone.S:100)
==38598== 
==38598==  Lock at I was first observed
==38598==    at 0x4854BFE: pthread_mutex_init (in /usr/libexec/valgrind/vgpreload_helgrind-amd64-linux.so)
==38598==    by 0x1096D5: ft_prepare_mutexes (data.c:29)
==38598==    by 0x1098C0: ft_prepare_forks_data (data.c:58)
==38598==    by 0x109366: main (main.c:27)
==38598==  Address I is 80 bytes inside a block of size 120 alloc'd
==38598==    at 0x484A919: malloc (in /usr/libexec/valgrind/vgpreload_helgrind-amd64-linux.so)
==38598==    by 0x10983D: ft_prepare_forks_data (data.c:51)
==38598==    by 0x109366: main (main.c:27)
==38598==  Block was alloc'd by thread #1
==38598== 
==38598==  Lock at H was first observed
==38598==    at 0x4854BFE: pthread_mutex_init (in /usr/libexec/valgrind/vgpreload_helgrind-amd64-linux.so)
==38598==    by 0x109694: ft_prepare_mutexes (data.c:27)
==38598==    by 0x1098C0: ft_prepare_forks_data (data.c:58)
==38598==    by 0x109366: main (main.c:27)
==38598==  Address H is 80 bytes inside a block of size 120 alloc'd
==38598==    at 0x484A919: malloc (in /usr/libexec/valgrind/vgpreload_helgrind-amd64-linux.so)
==38598==    by 0x1097F5: ft_prepare_forks_data (data.c:48)
==38598==    by 0x109366: main (main.c:27)
==38598==  Block was alloc'd by thread #1
==38598== 
==38598== 
==38598== ----------------------------------------------------------------
==38598== 
==38598== Thread #4: lock order "I before H" violated
==38598== 
==38598== Observed (incorrect) order is: acquisition of lock at H
==38598==    at 0x4850CCF: ??? (in /usr/libexec/valgrind/vgpreload_helgrind-amd64-linux.so)
==38598==    by 0x10ABC8: ft_death_check (philosopher.c:68)
==38598==    by 0x10A9C7: ft_eat (philosopher.c:21)
==38598==    by 0x10AE84: ft_philosopher (philosopher.c:108)
==38598==    by 0x485396A: ??? (in /usr/libexec/valgrind/vgpreload_helgrind-amd64-linux.so)
==38598==    by 0x4912AC2: start_thread (pthread_create.c:442)
==38598==    by 0x49A3A03: clone (clone.S:100)
==38598== 
==38598==  followed by a later acquisition of lock at I
==38598==    at 0x4850CCF: ??? (in /usr/libexec/valgrind/vgpreload_helgrind-amd64-linux.so)
==38598==    by 0x10AC61: ft_death_check (philosopher.c:74)
==38598==    by 0x10A9C7: ft_eat (philosopher.c:21)
==38598==    by 0x10AE84: ft_philosopher (philosopher.c:108)
==38598==    by 0x485396A: ??? (in /usr/libexec/valgrind/vgpreload_helgrind-amd64-linux.so)
==38598==    by 0x4912AC2: start_thread (pthread_create.c:442)
==38598==    by 0x49A3A03: clone (clone.S:100)
==38598== 
==38598== Required order was established by acquisition of lock at I
==38598==    at 0x4850CCF: ??? (in /usr/libexec/valgrind/vgpreload_helgrind-amd64-linux.so)
==38598==    by 0x10A699: ft_check_last_eating (grim_reaper.c:91)
==38598==    by 0x10A871: ft_grim_reaper (grim_reaper.c:118)
==38598==    by 0x485396A: ??? (in /usr/libexec/valgrind/vgpreload_helgrind-amd64-linux.so)
==38598==    by 0x4912AC2: start_thread (pthread_create.c:442)
==38598==    by 0x49A3A03: clone (clone.S:100)
==38598== 
==38598==  followed by a later acquisition of lock at H
==38598==    at 0x4850CCF: ??? (in /usr/libexec/valgrind/vgpreload_helgrind-amd64-linux.so)
==38598==    by 0x10A6C0: ft_check_last_eating (grim_reaper.c:92)
==38598==    by 0x10A871: ft_grim_reaper (grim_reaper.c:118)
==38598==    by 0x485396A: ??? (in /usr/libexec/valgrind/vgpreload_helgrind-amd64-linux.so)
==38598==    by 0x4912AC2: start_thread (pthread_create.c:442)
==38598==    by 0x49A3A03: clone (clone.S:100)
==38598== 
==38598==  Lock at I was first observed
==38598==    at 0x4854BFE: pthread_mutex_init (in /usr/libexec/valgrind/vgpreload_helgrind-amd64-linux.so)
==38598==    by 0x1096D5: ft_prepare_mutexes (data.c:29)
==38598==    by 0x1098C0: ft_prepare_forks_data (data.c:58)
==38598==    by 0x109366: main (main.c:27)
==38598==  Address I is 80 bytes inside a block of size 120 alloc'd
==38598==    at 0x484A919: malloc (in /usr/libexec/valgrind/vgpreload_helgrind-amd64-linux.so)
==38598==    by 0x10983D: ft_prepare_forks_data (data.c:51)
==38598==    by 0x109366: main (main.c:27)
==38598==  Block was alloc'd by thread #1
==38598== 
==38598==  Lock at H was first observed
==38598==    at 0x4854BFE: pthread_mutex_init (in /usr/libexec/valgrind/vgpreload_helgrind-amd64-linux.so)
==38598==    by 0x109694: ft_prepare_mutexes (data.c:27)
==38598==    by 0x1098C0: ft_prepare_forks_data (data.c:58)
==38598==    by 0x109366: main (main.c:27)
==38598==  Address H is 80 bytes inside a block of size 120 alloc'd
==38598==    at 0x484A919: malloc (in /usr/libexec/valgrind/vgpreload_helgrind-amd64-linux.so)
==38598==    by 0x1097F5: ft_prepare_forks_data (data.c:48)
==38598==    by 0x109366: main (main.c:27)
==38598==  Block was alloc'd by thread #1
==38598== 
==38598== 
==38598== ----------------------------------------------------------------
==38598== 
==38598== Thread #3: lock order "F before G" violated
==38598== 
==38598== Observed (incorrect) order is: acquisition of lock at G
==38598==    at 0x4850CCF: ??? (in /usr/libexec/valgrind/vgpreload_helgrind-amd64-linux.so)
==38598==    by 0x10B2BC: ft_eat_dealy_and_stat_update (philosopher_utils.c:73)
==38598==    by 0x10AA30: ft_eat (philosopher.c:29)
==38598==    by 0x10AE84: ft_philosopher (philosopher.c:108)
==38598==    by 0x485396A: ??? (in /usr/libexec/valgrind/vgpreload_helgrind-amd64-linux.so)
==38598==    by 0x4912AC2: start_thread (pthread_create.c:442)
==38598==    by 0x49A3A03: clone (clone.S:100)
==38598== 
==38598==  followed by a later acquisition of lock at F
==38598==    at 0x4850CCF: ??? (in /usr/libexec/valgrind/vgpreload_helgrind-amd64-linux.so)
==38598==    by 0x10B31C: ft_eat_dealy_and_stat_update (philosopher_utils.c:75)
==38598==    by 0x10AA30: ft_eat (philosopher.c:29)
==38598==    by 0x10AE84: ft_philosopher (philosopher.c:108)
==38598==    by 0x485396A: ??? (in /usr/libexec/valgrind/vgpreload_helgrind-amd64-linux.so)
==38598==    by 0x4912AC2: start_thread (pthread_create.c:442)
==38598==    by 0x49A3A03: clone (clone.S:100)
==38598== 
==38598== Required order was established by acquisition of lock at F
==38598==    at 0x4850CCF: ??? (in /usr/libexec/valgrind/vgpreload_helgrind-amd64-linux.so)
==38598==    by 0x10ABC8: ft_death_check (philosopher.c:68)
==38598==    by 0x10A9C7: ft_eat (philosopher.c:21)
==38598==    by 0x10AE84: ft_philosopher (philosopher.c:108)
==38598==    by 0x485396A: ??? (in /usr/libexec/valgrind/vgpreload_helgrind-amd64-linux.so)
==38598==    by 0x4912AC2: start_thread (pthread_create.c:442)
==38598==    by 0x49A3A03: clone (clone.S:100)
==38598== 
==38598==  followed by a later acquisition of lock at G
==38598==    at 0x4850CCF: ??? (in /usr/libexec/valgrind/vgpreload_helgrind-amd64-linux.so)
==38598==    by 0x10AC61: ft_death_check (philosopher.c:74)
==38598==    by 0x10A9C7: ft_eat (philosopher.c:21)
==38598==    by 0x10AE84: ft_philosopher (philosopher.c:108)
==38598==    by 0x485396A: ??? (in /usr/libexec/valgrind/vgpreload_helgrind-amd64-linux.so)
==38598==    by 0x4912AC2: start_thread (pthread_create.c:442)
==38598==    by 0x49A3A03: clone (clone.S:100)
==38598== 
==38598==  Lock at F was first observed
==38598==    at 0x4854BFE: pthread_mutex_init (in /usr/libexec/valgrind/vgpreload_helgrind-amd64-linux.so)
==38598==    by 0x109694: ft_prepare_mutexes (data.c:27)
==38598==    by 0x1098C0: ft_prepare_forks_data (data.c:58)
==38598==    by 0x109366: main (main.c:27)
==38598==  Address F is 0 bytes inside a block of size 120 alloc'd
==38598==    at 0x484A919: malloc (in /usr/libexec/valgrind/vgpreload_helgrind-amd64-linux.so)
==38598==    by 0x1097F5: ft_prepare_forks_data (data.c:48)
==38598==    by 0x109366: main (main.c:27)
==38598==  Block was alloc'd by thread #1
==38598== 
==38598==  Lock at G was first observed
==38598==    at 0x4854BFE: pthread_mutex_init (in /usr/libexec/valgrind/vgpreload_helgrind-amd64-linux.so)
==38598==    by 0x1096D5: ft_prepare_mutexes (data.c:29)
==38598==    by 0x1098C0: ft_prepare_forks_data (data.c:58)
==38598==    by 0x109366: main (main.c:27)
==38598==  Address G is 0 bytes inside a block of size 120 alloc'd
==38598==    at 0x484A919: malloc (in /usr/libexec/valgrind/vgpreload_helgrind-amd64-linux.so)
==38598==    by 0x10983D: ft_prepare_forks_data (data.c:51)
==38598==    by 0x109366: main (main.c:27)
==38598==  Block was alloc'd by thread #1
==38598== 
==38598== 
==38598== ----------------------------------------------------------------
==38598== 
==38598== Thread #5: lock order "E before D" violated
==38598== 
==38598== Observed (incorrect) order is: acquisition of lock at D
==38598==    at 0x4850CCF: ??? (in /usr/libexec/valgrind/vgpreload_helgrind-amd64-linux.so)
==38598==    by 0x10ABC8: ft_death_check (philosopher.c:68)
==38598==    by 0x10AA14: ft_eat (philosopher.c:27)
==38598==    by 0x10AE84: ft_philosopher (philosopher.c:108)
==38598==    by 0x485396A: ??? (in /usr/libexec/valgrind/vgpreload_helgrind-amd64-linux.so)
==38598==    by 0x4912AC2: start_thread (pthread_create.c:442)
==38598==    by 0x49A3A03: clone (clone.S:100)
==38598== 
==38598==  followed by a later acquisition of lock at E
==38598==    at 0x4850CCF: ??? (in /usr/libexec/valgrind/vgpreload_helgrind-amd64-linux.so)
==38598==    by 0x10AC61: ft_death_check (philosopher.c:74)
==38598==    by 0x10AA14: ft_eat (philosopher.c:27)
==38598==    by 0x10AE84: ft_philosopher (philosopher.c:108)
==38598==    by 0x485396A: ??? (in /usr/libexec/valgrind/vgpreload_helgrind-amd64-linux.so)
==38598==    by 0x4912AC2: start_thread (pthread_create.c:442)
==38598==    by 0x49A3A03: clone (clone.S:100)
==38598== 
==38598== Required order was established by acquisition of lock at E
==38598==    at 0x4850CCF: ??? (in /usr/libexec/valgrind/vgpreload_helgrind-amd64-linux.so)
==38598==    by 0x10B2BC: ft_eat_dealy_and_stat_update (philosopher_utils.c:73)
==38598==    by 0x10AA30: ft_eat (philosopher.c:29)
==38598==    by 0x10AE84: ft_philosopher (philosopher.c:108)
==38598==    by 0x485396A: ??? (in /usr/libexec/valgrind/vgpreload_helgrind-amd64-linux.so)
==38598==    by 0x4912AC2: start_thread (pthread_create.c:442)
==38598==    by 0x49A3A03: clone (clone.S:100)
==38598== 
==38598==  followed by a later acquisition of lock at D
==38598==    at 0x4850CCF: ??? (in /usr/libexec/valgrind/vgpreload_helgrind-amd64-linux.so)
==38598==    by 0x10B31C: ft_eat_dealy_and_stat_update (philosopher_utils.c:75)
==38598==    by 0x10AA30: ft_eat (philosopher.c:29)
==38598==    by 0x10AE84: ft_philosopher (philosopher.c:108)
==38598==    by 0x485396A: ??? (in /usr/libexec/valgrind/vgpreload_helgrind-amd64-linux.so)
==38598==    by 0x4912AC2: start_thread (pthread_create.c:442)
==38598==    by 0x49A3A03: clone (clone.S:100)
==38598== 
==38598==  Lock at E was first observed
==38598==    at 0x4854BFE: pthread_mutex_init (in /usr/libexec/valgrind/vgpreload_helgrind-amd64-linux.so)
==38598==    by 0x1096D5: ft_prepare_mutexes (data.c:29)
==38598==    by 0x1098C0: ft_prepare_forks_data (data.c:58)
==38598==    by 0x109366: main (main.c:27)
==38598==  Address E is 40 bytes inside a block of size 120 alloc'd
==38598==    at 0x484A919: malloc (in /usr/libexec/valgrind/vgpreload_helgrind-amd64-linux.so)
==38598==    by 0x10983D: ft_prepare_forks_data (data.c:51)
==38598==    by 0x109366: main (main.c:27)
==38598==  Block was alloc'd by thread #1
==38598== 
==38598==  Lock at D was first observed
==38598==    at 0x4854BFE: pthread_mutex_init (in /usr/libexec/valgrind/vgpreload_helgrind-amd64-linux.so)
==38598==    by 0x109694: ft_prepare_mutexes (data.c:27)
==38598==    by 0x1098C0: ft_prepare_forks_data (data.c:58)
==38598==    by 0x109366: main (main.c:27)
==38598==  Address D is 40 bytes inside a block of size 120 alloc'd
==38598==    at 0x484A919: malloc (in /usr/libexec/valgrind/vgpreload_helgrind-amd64-linux.so)
==38598==    by 0x1097F5: ft_prepare_forks_data (data.c:48)
==38598==    by 0x109366: main (main.c:27)
==38598==  Block was alloc'd by thread #1
==38598== 
==38598== 
==38598== ----------------------------------------------------------------
==38598== 
==38598== Thread #3: lock order "G before F" violated
==38598== 
==38598== Observed (incorrect) order is: acquisition of lock at F
==38598==    at 0x4850CCF: ??? (in /usr/libexec/valgrind/vgpreload_helgrind-amd64-linux.so)
==38598==    by 0x10ABC8: ft_death_check (philosopher.c:68)
==38598==    by 0x10AB30: ft_think (philosopher.c:56)
==38598==    by 0x10AAF2: ft_sleep (philosopher.c:46)
==38598==    by 0x10AA52: ft_eat (philosopher.c:31)
==38598==    by 0x10AE84: ft_philosopher (philosopher.c:108)
==38598==    by 0x485396A: ??? (in /usr/libexec/valgrind/vgpreload_helgrind-amd64-linux.so)
==38598==    by 0x4912AC2: start_thread (pthread_create.c:442)
==38598==    by 0x49A3A03: clone (clone.S:100)
==38598== 
==38598==  followed by a later acquisition of lock at G
==38598==    at 0x4850CCF: ??? (in /usr/libexec/valgrind/vgpreload_helgrind-amd64-linux.so)
==38598==    by 0x10AC61: ft_death_check (philosopher.c:74)
==38598==    by 0x10AB30: ft_think (philosopher.c:56)
==38598==    by 0x10AAF2: ft_sleep (philosopher.c:46)
==38598==    by 0x10AA52: ft_eat (philosopher.c:31)
==38598==    by 0x10AE84: ft_philosopher (philosopher.c:108)
==38598==    by 0x485396A: ??? (in /usr/libexec/valgrind/vgpreload_helgrind-amd64-linux.so)
==38598==    by 0x4912AC2: start_thread (pthread_create.c:442)
==38598==    by 0x49A3A03: clone (clone.S:100)
==38598== 
==38598== Required order was established by acquisition of lock at G
==38598==    at 0x4850CCF: ??? (in /usr/libexec/valgrind/vgpreload_helgrind-amd64-linux.so)
==38598==    by 0x10A699: ft_check_last_eating (grim_reaper.c:91)
==38598==    by 0x10A871: ft_grim_reaper (grim_reaper.c:118)
==38598==    by 0x485396A: ??? (in /usr/libexec/valgrind/vgpreload_helgrind-amd64-linux.so)
==38598==    by 0x4912AC2: start_thread (pthread_create.c:442)
==38598==    by 0x49A3A03: clone (clone.S:100)
==38598== 
==38598==  followed by a later acquisition of lock at F
==38598==    at 0x4850CCF: ??? (in /usr/libexec/valgrind/vgpreload_helgrind-amd64-linux.so)
==38598==    by 0x10A6C0: ft_check_last_eating (grim_reaper.c:92)
==38598==    by 0x10A871: ft_grim_reaper (grim_reaper.c:118)
==38598==    by 0x485396A: ??? (in /usr/libexec/valgrind/vgpreload_helgrind-amd64-linux.so)
==38598==    by 0x4912AC2: start_thread (pthread_create.c:442)
==38598==    by 0x49A3A03: clone (clone.S:100)
==38598== 
==38598==  Lock at G was first observed
==38598==    at 0x4854BFE: pthread_mutex_init (in /usr/libexec/valgrind/vgpreload_helgrind-amd64-linux.so)
==38598==    by 0x1096D5: ft_prepare_mutexes (data.c:29)
==38598==    by 0x1098C0: ft_prepare_forks_data (data.c:58)
==38598==    by 0x109366: main (main.c:27)
==38598==  Address G is 0 bytes inside a block of size 120 alloc'd
==38598==    at 0x484A919: malloc (in /usr/libexec/valgrind/vgpreload_helgrind-amd64-linux.so)
==38598==    by 0x10983D: ft_prepare_forks_data (data.c:51)
==38598==    by 0x109366: main (main.c:27)
==38598==  Block was alloc'd by thread #1
==38598== 
==38598==  Lock at F was first observed
==38598==    at 0x4854BFE: pthread_mutex_init (in /usr/libexec/valgrind/vgpreload_helgrind-amd64-linux.so)
==38598==    by 0x109694: ft_prepare_mutexes (data.c:27)
==38598==    by 0x1098C0: ft_prepare_forks_data (data.c:58)
==38598==    by 0x109366: main (main.c:27)
==38598==  Address F is 0 bytes inside a block of size 120 alloc'd
==38598==    at 0x484A919: malloc (in /usr/libexec/valgrind/vgpreload_helgrind-amd64-linux.so)
==38598==    by 0x1097F5: ft_prepare_forks_data (data.c:48)
==38598==    by 0x109366: main (main.c:27)
==38598==  Block was alloc'd by thread #1
==38598== 
==38598== 
==38598== ----------------------------------------------------------------
==38598== 
==38598== Thread #3: lock order "G before F" violated
==38598== 
==38598== Observed (incorrect) order is: acquisition of lock at F
==38598==    at 0x4850CCF: ??? (in /usr/libexec/valgrind/vgpreload_helgrind-amd64-linux.so)
==38598==    by 0x10ABC8: ft_death_check (philosopher.c:68)
==38598==    by 0x10A9C7: ft_eat (philosopher.c:21)
==38598==    by 0x10AE84: ft_philosopher (philosopher.c:108)
==38598==    by 0x485396A: ??? (in /usr/libexec/valgrind/vgpreload_helgrind-amd64-linux.so)
==38598==    by 0x4912AC2: start_thread (pthread_create.c:442)
==38598==    by 0x49A3A03: clone (clone.S:100)
==38598== 
==38598==  followed by a later acquisition of lock at G
==38598==    at 0x4850CCF: ??? (in /usr/libexec/valgrind/vgpreload_helgrind-amd64-linux.so)
==38598==    by 0x10AC61: ft_death_check (philosopher.c:74)
==38598==    by 0x10A9C7: ft_eat (philosopher.c:21)
==38598==    by 0x10AE84: ft_philosopher (philosopher.c:108)
==38598==    by 0x485396A: ??? (in /usr/libexec/valgrind/vgpreload_helgrind-amd64-linux.so)
==38598==    by 0x4912AC2: start_thread (pthread_create.c:442)
==38598==    by 0x49A3A03: clone (clone.S:100)
==38598== 
==38598== Required order was established by acquisition of lock at G
==38598==    at 0x4850CCF: ??? (in /usr/libexec/valgrind/vgpreload_helgrind-amd64-linux.so)
==38598==    by 0x10A699: ft_check_last_eating (grim_reaper.c:91)
==38598==    by 0x10A871: ft_grim_reaper (grim_reaper.c:118)
==38598==    by 0x485396A: ??? (in /usr/libexec/valgrind/vgpreload_helgrind-amd64-linux.so)
==38598==    by 0x4912AC2: start_thread (pthread_create.c:442)
==38598==    by 0x49A3A03: clone (clone.S:100)
==38598== 
==38598==  followed by a later acquisition of lock at F
==38598==    at 0x4850CCF: ??? (in /usr/libexec/valgrind/vgpreload_helgrind-amd64-linux.so)
==38598==    by 0x10A6C0: ft_check_last_eating (grim_reaper.c:92)
==38598==    by 0x10A871: ft_grim_reaper (grim_reaper.c:118)
==38598==    by 0x485396A: ??? (in /usr/libexec/valgrind/vgpreload_helgrind-amd64-linux.so)
==38598==    by 0x4912AC2: start_thread (pthread_create.c:442)
==38598==    by 0x49A3A03: clone (clone.S:100)
==38598== 
==38598==  Lock at G was first observed
==38598==    at 0x4854BFE: pthread_mutex_init (in /usr/libexec/valgrind/vgpreload_helgrind-amd64-linux.so)
==38598==    by 0x1096D5: ft_prepare_mutexes (data.c:29)
==38598==    by 0x1098C0: ft_prepare_forks_data (data.c:58)
==38598==    by 0x109366: main (main.c:27)
==38598==  Address G is 0 bytes inside a block of size 120 alloc'd
==38598==    at 0x484A919: malloc (in /usr/libexec/valgrind/vgpreload_helgrind-amd64-linux.so)
==38598==    by 0x10983D: ft_prepare_forks_data (data.c:51)
==38598==    by 0x109366: main (main.c:27)
==38598==  Block was alloc'd by thread #1
==38598== 
==38598==  Lock at F was first observed
==38598==    at 0x4854BFE: pthread_mutex_init (in /usr/libexec/valgrind/vgpreload_helgrind-amd64-linux.so)
==38598==    by 0x109694: ft_prepare_mutexes (data.c:27)
==38598==    by 0x1098C0: ft_prepare_forks_data (data.c:58)
==38598==    by 0x109366: main (main.c:27)
==38598==  Address F is 0 bytes inside a block of size 120 alloc'd
==38598==    at 0x484A919: malloc (in /usr/libexec/valgrind/vgpreload_helgrind-amd64-linux.so)
==38598==    by 0x1097F5: ft_prepare_forks_data (data.c:48)
==38598==    by 0x109366: main (main.c:27)
==38598==  Block was alloc'd by thread #1
==38598== 
==38598== 
==38598== ----------------------------------------------------------------
==38598== 
==38598== Thread #4: lock order "I before H" violated
==38598== 
==38598== Observed (incorrect) order is: acquisition of lock at H
==38598==    at 0x4850CCF: ??? (in /usr/libexec/valgrind/vgpreload_helgrind-amd64-linux.so)
==38598==    by 0x10ABC8: ft_death_check (philosopher.c:68)
==38598==    by 0x10AA14: ft_eat (philosopher.c:27)
==38598==    by 0x10AE84: ft_philosopher (philosopher.c:108)
==38598==    by 0x485396A: ??? (in /usr/libexec/valgrind/vgpreload_helgrind-amd64-linux.so)
==38598==    by 0x4912AC2: start_thread (pthread_create.c:442)
==38598==    by 0x49A3A03: clone (clone.S:100)
==38598== 
==38598==  followed by a later acquisition of lock at I
==38598==    at 0x4850CCF: ??? (in /usr/libexec/valgrind/vgpreload_helgrind-amd64-linux.so)
==38598==    by 0x10AC61: ft_death_check (philosopher.c:74)
==38598==    by 0x10AA14: ft_eat (philosopher.c:27)
==38598==    by 0x10AE84: ft_philosopher (philosopher.c:108)
==38598==    by 0x485396A: ??? (in /usr/libexec/valgrind/vgpreload_helgrind-amd64-linux.so)
==38598==    by 0x4912AC2: start_thread (pthread_create.c:442)
==38598==    by 0x49A3A03: clone (clone.S:100)
==38598== 
==38598== Required order was established by acquisition of lock at I
==38598==    at 0x4850CCF: ??? (in /usr/libexec/valgrind/vgpreload_helgrind-amd64-linux.so)
==38598==    by 0x10A699: ft_check_last_eating (grim_reaper.c:91)
==38598==    by 0x10A871: ft_grim_reaper (grim_reaper.c:118)
==38598==    by 0x485396A: ??? (in /usr/libexec/valgrind/vgpreload_helgrind-amd64-linux.so)
==38598==    by 0x4912AC2: start_thread (pthread_create.c:442)
==38598==    by 0x49A3A03: clone (clone.S:100)
==38598== 
==38598==  followed by a later acquisition of lock at H
==38598==    at 0x4850CCF: ??? (in /usr/libexec/valgrind/vgpreload_helgrind-amd64-linux.so)
==38598==    by 0x10A6C0: ft_check_last_eating (grim_reaper.c:92)
==38598==    by 0x10A871: ft_grim_reaper (grim_reaper.c:118)
==38598==    by 0x485396A: ??? (in /usr/libexec/valgrind/vgpreload_helgrind-amd64-linux.so)
==38598==    by 0x4912AC2: start_thread (pthread_create.c:442)
==38598==    by 0x49A3A03: clone (clone.S:100)
==38598== 
==38598==  Lock at I was first observed
==38598==    at 0x4854BFE: pthread_mutex_init (in /usr/libexec/valgrind/vgpreload_helgrind-amd64-linux.so)
==38598==    by 0x1096D5: ft_prepare_mutexes (data.c:29)
==38598==    by 0x1098C0: ft_prepare_forks_data (data.c:58)
==38598==    by 0x109366: main (main.c:27)
==38598==  Address I is 80 bytes inside a block of size 120 alloc'd
==38598==    at 0x484A919: malloc (in /usr/libexec/valgrind/vgpreload_helgrind-amd64-linux.so)
==38598==    by 0x10983D: ft_prepare_forks_data (data.c:51)
==38598==    by 0x109366: main (main.c:27)
==38598==  Block was alloc'd by thread #1
==38598== 
==38598==  Lock at H was first observed
==38598==    at 0x4854BFE: pthread_mutex_init (in /usr/libexec/valgrind/vgpreload_helgrind-amd64-linux.so)
==38598==    by 0x109694: ft_prepare_mutexes (data.c:27)
==38598==    by 0x1098C0: ft_prepare_forks_data (data.c:58)
==38598==    by 0x109366: main (main.c:27)
==38598==  Address H is 80 bytes inside a block of size 120 alloc'd
==38598==    at 0x484A919: malloc (in /usr/libexec/valgrind/vgpreload_helgrind-amd64-linux.so)
==38598==    by 0x1097F5: ft_prepare_forks_data (data.c:48)
==38598==    by 0x109366: main (main.c:27)
==38598==  Block was alloc'd by thread #1
==38598== 
==38598== 
==38598== 
==38598== Use --history-level=approx or =none to gain increased speed, at
==38598== the cost of reduced accuracy of conflicting-access information
==38598== For lists of detected and suppressed errors, rerun with: -s
==38598== ERROR SUMMARY: 2509 errors from 16 contexts (suppressed: 10681 from 185)
